[2025-09-03 14:56:45 LOCAL]
Run process method
--------------------------------------------------
13654

[2025-09-03 14:56:45 LOCAL]
--- START PROCESS ---
--------------------------------------------------
Array
(
    [order_id] => 13654
)


[2025-09-03 14:56:45 LOCAL]
--- ITEM START ---
--------------------------------------------------
18243

[2025-09-03 14:56:45 LOCAL]
Product Info
--------------------------------------------------
Array
(
    [name] => Pubg Mobile Cross Border
    [apiPath] => /pubg-mobile-cross-border
    [type] => voucher
    [subtype] => 0
    [haveRole] => 
    [haveVerify] => 
    [supportedCountries] => Array
        (
            [0] => 414
            [1] => 608
            [2] => 764
            [3] => 458
            [4] => 360
            [5] => 840
            [6] => 682
            [7] => 784
            [8] => 250
            [9] => 634
            [10] => 116
            [11] => 368
            [12] => 48
            [13] => 792
            [14] => 76
            [15] => 410
        )

)


[2025-09-03 14:56:45 LOCAL]
Selected SKU
--------------------------------------------------
Array
(
    [sku] => SKUPUBG3_USD
    [description] => 30 UC
    [price] => 1.5
    [currency] => USD
    [originalPrice] => 
    [originalCurrency] => 
    [retailPrice] => 30
    [retailCurrency] => MYR
    [countryCode] => 458
    [origin] => my
    [selected_server] => 
    [selected_server_id] => 
)


[2025-09-03 14:56:45 LOCAL]
Handler Created
--------------------------------------------------
classes\Handlers\VoucherHandler

[2025-09-03 14:56:45 LOCAL]
Payload Built
--------------------------------------------------
Array
(
    [jsonrpc] => 2.0
    [id] => voucher_68b82cfd3d6368.20671431
    [method] => placeOrder
    [params] => Array
        (
            [items] => Array
                (
                    [0] => Array
                        (
                            [sku] => SKUPUBG3_USD
                            [quantity] => 1
                            [price] => Array
                                (
                                    [amount] => 1.5
                                    [currency] => USD
                                )

                        )

                )

            [customerId] => yiyopij784@skateru.com
            [iat] => 1756900605
        )

)


[2025-09-03 14:56:45 LOCAL]
apiPath resolved
--------------------------------------------------
/pubg-mobile-cross-border

[2025-09-03 14:56:45 LOCAL]
About to call xshop_api_request_curl
--------------------------------------------------
Array
(
    [apiPath] => /pubg-mobile-cross-border
    [payload] => Array
        (
            [jsonrpc] => 2.0
            [id] => voucher_68b82cfd3d6368.20671431
            [method] => placeOrder
            [params] => Array
                (
                    [items] => Array
                        (
                            [0] => Array
                                (
                                    [sku] => SKUPUBG3_USD
                                    [quantity] => 1
                                    [price] => Array
                                        (
                                            [amount] => 1.5
                                            [currency] => USD
                                        )

                                )

                        )

                    [customerId] => yiyopij784@skateru.com
                    [iat] => 1756900605
                )

        )

)


[2025-09-03 14:56:45 LOCAL]
xshop_api_request_curl response
--------------------------------------------------
Array
(
    [status] => 200
    [json] => Array
        (
            [jsonrpc] => 2.0
            [id] => voucher_68b82cfd3d6368.20671431
            [result] => Array
                (
                    [orderId] => b66711d7-3c40-432a-a109-1246c54ba341
                    [status] => FULFILLED
                    [items] => Array
                        (
                            [0] => Array
                                (
                                    [sku] => SKUPUBG3_USD
                                    [codes] => TEST-VOUCHER-A34B2133-890F-44C0-87C0-5A290740F44E
                                )

                        )

                )

        )

    [header] => Array
        (
            [0] => x-api-key: JqNyLzYfuk9ewUxU2tGac4OsEXN2mge1ac25I2cX
            [1] => x-api-version: 2.0
            [2] => Authorization: Bearer eyJhbGciOiJIUzI1NiIsInR5cCI6IkpXVCIsIngtYXBpLWtleSI6IkpxTnlMellmdWs5ZXdVeFUydEdhYzRPc0VYTjJtZ2UxYWMyNUkyY1giLCJ4LWFwaS12ZXJzaW9uIjoiMi4wIiwieC1jbGllbnQtaWQiOiJzYW5kYm94LUJhcnEgU3RvcmUtLTQwNGEtOGE3NC03NGNhNTFkYWYzNWMifQ.eyJqc29ucnBjIjoiMi4wIiwiaWQiOiJ2b3VjaGVyXzY4YjgyY2ZkM2Q2MzY4LjIwNjcxNDMxIiwibWV0aG9kIjoicGxhY2VPcmRlciIsInBhcmFtcyI6eyJpdGVtcyI6W3sic2t1IjoiU0tVUFVCRzNfVVNEIiwicXVhbnRpdHkiOjEsInByaWNlIjp7ImFtb3VudCI6MS41LCJjdXJyZW5jeSI6IlVTRCJ9fV0sImN1c3RvbWVySWQiOiJ5aXlvcGlqNzg0QHNrYXRlcnUuY29tIiwiaWF0IjoxNzU2OTAwNjA1fX0.rAWWayZcTYaSi1O0Uagf7Vn_JqAXDJW94fKmKJc1kvo
            [3] => Content-Type: application/json
            [4] => Accept: application/json
        )

    [url] => https://xshop-sandbox.codashop.com/v2/pubg-mobile-cross-border
)


[2025-09-03 14:56:45 LOCAL]
HTTP Response Summary
--------------------------------------------------
Array
(
    [status] => 200
    [decoded] => Array
        (
            [jsonrpc] => 2.0
            [id] => voucher_68b82cfd3d6368.20671431
            [result] => Array
                (
                    [orderId] => b66711d7-3c40-432a-a109-1246c54ba341
                    [status] => FULFILLED
                    [items] => Array
                        (
                            [0] => Array
                                (
                                    [sku] => SKUPUBG3_USD
                                    [codes] => TEST-VOUCHER-A34B2133-890F-44C0-87C0-5A290740F44E
                                )

                        )

                )

        )

    [url] => https://xshop-sandbox.codashop.com/v2/pubg-mobile-cross-border
    [sent_headers] => Array
        (
            [0] => x-api-key: JqNyLzYfuk9ewUxU2tGac4OsEXN2mge1ac25I2cX
            [1] => x-api-version: 2.0
            [2] => Authorization: Bearer eyJhbGciOiJIUzI1NiIsInR5cCI6IkpXVCIsIngtYXBpLWtleSI6IkpxTnlMellmdWs5ZXdVeFUydEdhYzRPc0VYTjJtZ2UxYWMyNUkyY1giLCJ4LWFwaS12ZXJzaW9uIjoiMi4wIiwieC1jbGllbnQtaWQiOiJzYW5kYm94LUJhcnEgU3RvcmUtLTQwNGEtOGE3NC03NGNhNTFkYWYzNWMifQ.eyJqc29ucnBjIjoiMi4wIiwiaWQiOiJ2b3VjaGVyXzY4YjgyY2ZkM2Q2MzY4LjIwNjcxNDMxIiwibWV0aG9kIjoicGxhY2VPcmRlciIsInBhcmFtcyI6eyJpdGVtcyI6W3sic2t1IjoiU0tVUFVCRzNfVVNEIiwicXVhbnRpdHkiOjEsInByaWNlIjp7ImFtb3VudCI6MS41LCJjdXJyZW5jeSI6IlVTRCJ9fV0sImN1c3RvbWVySWQiOiJ5aXlvcGlqNzg0QHNrYXRlcnUuY29tIiwiaWF0IjoxNzU2OTAwNjA1fX0.rAWWayZcTYaSi1O0Uagf7Vn_JqAXDJW94fKmKJc1kvo
            [3] => Content-Type: application/json
            [4] => Accept: application/json
        )

)


[2025-09-03 14:56:45 LOCAL]
Saved Debug Data
--------------------------------------------------
Array
(
    [endpoint] => https://xshop-sandbox.codashop.com/v2/pubg-mobile-cross-border
    [url] => https://xshop-sandbox.codashop.com/v2/pubg-mobile-cross-border
    [sent_headers] => Array
        (
            [0] => x-api-key: JqNyLzYfuk9ewUxU2tGac4OsEXN2mge1ac25I2cX
            [1] => x-api-version: 2.0
            [2] => Authorization: Bearer eyJhbGciOiJIUzI1NiIsInR5cCI6IkpXVCIsIngtYXBpLWtleSI6IkpxTnlMellmdWs5ZXdVeFUydEdhYzRPc0VYTjJtZ2UxYWMyNUkyY1giLCJ4LWFwaS12ZXJzaW9uIjoiMi4wIiwieC1jbGllbnQtaWQiOiJzYW5kYm94LUJhcnEgU3RvcmUtLTQwNGEtOGE3NC03NGNhNTFkYWYzNWMifQ.eyJqc29ucnBjIjoiMi4wIiwiaWQiOiJ2b3VjaGVyXzY4YjgyY2ZkM2Q2MzY4LjIwNjcxNDMxIiwibWV0aG9kIjoicGxhY2VPcmRlciIsInBhcmFtcyI6eyJpdGVtcyI6W3sic2t1IjoiU0tVUFVCRzNfVVNEIiwicXVhbnRpdHkiOjEsInByaWNlIjp7ImFtb3VudCI6MS41LCJjdXJyZW5jeSI6IlVTRCJ9fV0sImN1c3RvbWVySWQiOiJ5aXlvcGlqNzg0QHNrYXRlcnUuY29tIiwiaWF0IjoxNzU2OTAwNjA1fX0.rAWWayZcTYaSi1O0Uagf7Vn_JqAXDJW94fKmKJc1kvo
            [3] => Content-Type: application/json
            [4] => Accept: application/json
        )

    [payload] => Array
        (
            [jsonrpc] => 2.0
            [id] => voucher_68b82cfd3d6368.20671431
            [method] => placeOrder
            [params] => Array
                (
                    [items] => Array
                        (
                            [0] => Array
                                (
                                    [sku] => SKUPUBG3_USD
                                    [quantity] => 1
                                    [price] => Array
                                        (
                                            [amount] => 1.5
                                            [currency] => USD
                                        )

                                )

                        )

                    [customerId] => yiyopij784@skateru.com
                    [iat] => 1756900605
                )

        )

    [status] => 200
    [raw] => Array
        (
            [status] => 200
            [json] => Array
                (
                    [jsonrpc] => 2.0
                    [id] => voucher_68b82cfd3d6368.20671431
                    [result] => Array
                        (
                            [orderId] => b66711d7-3c40-432a-a109-1246c54ba341
                            [status] => FULFILLED
                            [items] => Array
                                (
                                    [0] => Array
                                        (
                                            [sku] => SKUPUBG3_USD
                                            [codes] => TEST-VOUCHER-A34B2133-890F-44C0-87C0-5A290740F44E
                                        )

                                )

                        )

                )

            [header] => Array
                (
                    [0] => x-api-key: JqNyLzYfuk9ewUxU2tGac4OsEXN2mge1ac25I2cX
                    [1] => x-api-version: 2.0
                    [2] => Authorization: Bearer eyJhbGciOiJIUzI1NiIsInR5cCI6IkpXVCIsIngtYXBpLWtleSI6IkpxTnlMellmdWs5ZXdVeFUydEdhYzRPc0VYTjJtZ2UxYWMyNUkyY1giLCJ4LWFwaS12ZXJzaW9uIjoiMi4wIiwieC1jbGllbnQtaWQiOiJzYW5kYm94LUJhcnEgU3RvcmUtLTQwNGEtOGE3NC03NGNhNTFkYWYzNWMifQ.eyJqc29ucnBjIjoiMi4wIiwiaWQiOiJ2b3VjaGVyXzY4YjgyY2ZkM2Q2MzY4LjIwNjcxNDMxIiwibWV0aG9kIjoicGxhY2VPcmRlciIsInBhcmFtcyI6eyJpdGVtcyI6W3sic2t1IjoiU0tVUFVCRzNfVVNEIiwicXVhbnRpdHkiOjEsInByaWNlIjp7ImFtb3VudCI6MS41LCJjdXJyZW5jeSI6IlVTRCJ9fV0sImN1c3RvbWVySWQiOiJ5aXlvcGlqNzg0QHNrYXRlcnUuY29tIiwiaWF0IjoxNzU2OTAwNjA1fX0.rAWWayZcTYaSi1O0Uagf7Vn_JqAXDJW94fKmKJc1kvo
                    [3] => Content-Type: application/json
                    [4] => Accept: application/json
                )

            [url] => https://xshop-sandbox.codashop.com/v2/pubg-mobile-cross-border
        )

    [response] => Array
        (
            [jsonrpc] => 2.0
            [id] => voucher_68b82cfd3d6368.20671431
            [result] => Array
                (
                    [orderId] => b66711d7-3c40-432a-a109-1246c54ba341
                    [status] => FULFILLED
                    [items] => Array
                        (
                            [0] => Array
                                (
                                    [sku] => SKUPUBG3_USD
                                    [codes] => TEST-VOUCHER-A34B2133-890F-44C0-87C0-5A290740F44E
                                )

                        )

                )

        )

)


[2025-09-03 14:56:45 LOCAL]
Saved external order id
--------------------------------------------------
Array
(
    [item_id] => 18243
    [external_order_id] => b66711d7-3c40-432a-a109-1246c54ba341
)


[2025-09-03 14:56:45 LOCAL]
--- ITEM END ---
--------------------------------------------------
18243

[2025-09-03 14:56:45 LOCAL]
--- END PROCESS ---
--------------------------------------------------
Array
(
    [order_id] => 13654
)


